Flutter crash report.
Please report a bug at https://github.com/flutter/flutter/issues.

## command

flutter run --machine --start-paused -d E9B3E543-01CF-4F05-87E3-AE77E990F8F2 --devtools-server-address http://127.0.0.1:9101/ --target /Users/nick/Documents/development/truckit_customer_app/lib/main.dart

## exception

StateError: Bad state: StreamSink is closed

```
#0      _StreamSinkImpl.add (dart:_http/http_impl.dart:912:7)
#1      _WebSocketImpl.add (dart:_http/websocket_impl.dart:1222:11)
#2      VmService._call.<anonymous closure> (package:vm_service/src/vm_service.dart:1785:22)
#3      VmService._call (package:vm_service/src/vm_service.dart:1787:8)
#4      VmService.callServiceExtension (package:vm_service/src/vm_service.dart:1725:14)
#5      VmService.callMethod (package:vm_service/src/vm_service.dart:1716:12)
#6      FlutterVmService.callMethodWrapper (package:flutter_tools/src/vmservice.dart:503:28)
#7      FlutterVmService.getFlutterViews (package:flutter_tools/src/vmservice.dart:934:51)
<asynchronous suspension>
#8      ResidentRunner.connectToServiceProtocol (package:flutter_tools/src/resident_runner.dart:1418:7)
<asynchronous suspension>
#9      HotRunner.attach (package:flutter_tools/src/run_hot.dart:236:7)
<asynchronous suspension>
#10     AppDomain.launch.<anonymous closure> (package:flutter_tools/src/commands/daemon.dart:815:9)
<asynchronous suspension>
#11     AppDomain.launch (package:flutter_tools/src/commands/daemon.dart:813:5)
<asynchronous suspension>
#12     RunCommand.runCommand (package:flutter_tools/src/commands/run.dart:754:15)
<asynchronous suspension>
#13     FlutterCommand.run.<anonymous closure> (package:flutter_tools/src/runner/flutter_command.dart:1396:27)
<asynchronous suspension>
#14     AppContext.run.<anonymous closure> (package:flutter_tools/src/base/context.dart:153:19)
<asynchronous suspension>
#15     CommandRunner.runCommand (package:args/command_runner.dart:212:13)
<asynchronous suspension>
#16     FlutterCommandRunner.runCommand.<anonymous closure> (package:flutter_tools/src/runner/flutter_command_runner.dart:372:9)
<asynchronous suspension>
#17     AppContext.run.<anonymous closure> (package:flutter_tools/src/base/context.dart:153:19)
<asynchronous suspension>
#18     FlutterCommandRunner.runCommand (package:flutter_tools/src/runner/flutter_command_runner.dart:308:5)
<asynchronous suspension>
#19     run.<anonymous closure>.<anonymous closure> (package:flutter_tools/runner.dart:130:9)
<asynchronous suspension>
#20     AppContext.run.<anonymous closure> (package:flutter_tools/src/base/context.dart:153:19)
<asynchronous suspension>
#21     main (package:flutter_tools/executable.dart:93:3)
<asynchronous suspension>
```

## flutter doctor

```
[!] Flutter (Channel master, 3.23.0-3.0.pre, on macOS 14.4.1 23E224 darwin-arm64, locale en-US)
    • Flutter version 3.23.0-3.0.pre on channel master at /Users/nick/flutter
    ! Warning: `flutter` on your path resolves to /Users/nick/Documents/development/flutter/bin/flutter, which is not inside your current Flutter SDK checkout at /Users/nick/flutter. Consider adding /Users/nick/flutter/bin to the front of your path.
    ! Warning: `dart` on your path resolves to /Users/nick/Documents/development/flutter/bin/dart, which is not inside your current Flutter SDK checkout at /Users/nick/flutter. Consider adding /Users/nick/flutter/bin to the front of your path.
    • Upstream repository https://github.com/flutter/flutter.git
    • Framework revision 1317046ef8 (10 weeks ago), 2024-05-23 22:35:13 -0400
    • Engine revision d78f667533
    • Dart version 3.5.0 (build 3.5.0-187.0.dev)
    • DevTools version 2.36.0-dev.10
    • If those were intentional, you can disregard the above warnings; however it is recommended to use "git" directly to perform update checks and upgrades.

[✗] Android toolchain - develop for Android devices
    ✗ Unable to locate Android SDK.
      Install Android Studio from: https://developer.android.com/studio/index.html
      On first launch it will assist you in installing the Android SDK components.
      (or visit https://flutter.dev/docs/get-started/install/macos#android-setup for detailed instructions).
      If the Android SDK has been installed to a custom location, please use
      `flutter config --android-sdk` to update to that location.


[✓] Xcode - develop for iOS and macOS (Xcode 15.4)
    • Xcode at /Applications/Xcode.app/Contents/Developer
    • Build 15F31d
    • CocoaPods version 1.15.2

[✓] Chrome - develop for the web
    • Chrome at /Applications/Google Chrome.app/Contents/MacOS/Google Chrome

[✓] Android Studio (version 2023.3)
    • Android Studio at /Applications/Android Studio.app/Contents
    • Flutter plugin can be installed from:
      🔨 https://plugins.jetbrains.com/plugin/9212-flutter
    • Dart plugin can be installed from:
      🔨 https://plugins.jetbrains.com/plugin/6351-dart
    • Java version OpenJDK Runtime Environment (build 17.0.10+0-17.0.10b1087.21-11572160)

[✓] VS Code (version 1.89.1)
    • VS Code at /Users/nick/Downloads/Visual Studio Code.app/Contents
    • Flutter extension version 3.90.0

[✓] VS Code (version 1.89.1)
    • VS Code at /Users/nick/Downloads/Visual Studio Code 2.app/Contents
    • Flutter extension version 3.90.0

[✓] Connected device (5 available)
    • Henry (mobile)                  • 00008130-000A6D021AB8001C            • ios            • iOS 17.5.1 21F90
    • iPhone 15 Pro (mobile)          • E9B3E543-01CF-4F05-87E3-AE77E990F8F2 • ios            • com.apple.CoreSimulator.SimRuntime.iOS-17-5 (simulator)
    • macOS (desktop)                 • macos                                • darwin-arm64   • macOS 14.4.1 23E224 darwin-arm64
    • Mac Designed for iPad (desktop) • mac-designed-for-ipad                • darwin         • macOS 14.4.1 23E224 darwin-arm64
    • Chrome (web)                    • chrome                               • web-javascript • Google Chrome 126.0.6478.183

[✓] Network resources
    • All expected network resources are available.

! Doctor found issues in 2 categories.
```
